Indonesian	O	O
officials	O	O
say	O	O
they	O	O
will	O	O
require	O	O
foreigners	O	O
who	O	O
want	O	O
to	O	O
work	O	O
in	O	O
the	O	O
country	O	O
to	O	O
pass	O	O
a	O	O
language	O	O
proficiency	O	O
test	O	O
before	O	O
giving	O	O
them	O	O
work	O	O
permits	O	O
.	O	O
Would-be	O	O
workers	O	O
will	O	O
have	O	O
to	O	O
show	O	O
competency	O	O
in	O	O
the	O	O
national	O	O
language	O	O
,	O	O
Bahasa	COU	LOCATION
Indonesia	COU	LOCATION
,	O	O
although	O	O
the	O	O
degree	O	O
of	O	O
proficiency	O	O
needed	O	O
might	O	O
vary	O	O
depending	O	O
on	O	O
how	O	O
much	O	O
direct	O	O
contact	O	O
with	O	O
Indonesians	O	O
the	O	O
job	O	O
requires	O	O
.	O	O
The	O	O
officials	O	O
did	O	O
not	O	O
give	O	O
a	O	O
starting	O	O
date	O	O
for	O	O
the	O	O
language	O	O
requirement	O	O
.	O	O
Indonesia	COU	LOCATION
is	O	O
to	O	O
open	O	O
its	O	O
doors	O	O
to	O	O
job	O	O
seekers	O	O
from	O	O
other	O	O
members	O	O
of	O	O
the	O	O
Association	ORG	ORGANIZATION
of	ORG	ORGANIZATION
Southeast	ORG	ORGANIZATION
Asian	ORG	ORGANIZATION
Nations	ORG	ORGANIZATION
next	O	O
year	O	O
under	O	O
a	O	O
regional	O	O
free	O	O
trade	O	O
agreement	O	O
.	O	O

Indonesian	O	O
officials	O	O
say	O	O
they	O	O
will	O	O
require	O	O
foreigners	O	O
who	O	O
want	O	O
to	O	O
work	O	O
in	O	O
the	O	O
country	O	O
to	O	O
pass	O	O
a	O	O
language	O	O
proficiency	O	O
test	O	O
before	O	O
giving	O	O
them	O	O
work	O	O
permits	O	O
.	O	O
Would-be	O	O
workers	O	O
will	O	O
have	O	O
to	O	O
show	O	O
competency	O	O
in	O	O
the	O	O
national	O	O
language	O	O
,	O	O
Bahasa	COU	LOCATION
Indonesia	COU	LOCATION
,	O	O
although	O	O
the	O	O
degree	O	O
of	O	O
proficiency	O	O
needed	O	O
might	O	O
vary	O	O
depending	O	O
on	O	O
how	O	O
much	O	O
direct	O	O
contact	O	O
with	O	O
Indonesians	O	O
the	O	O
job	O	O
requires	O	O
.	O	O
The	O	O
officials	O	O
did	O	O
not	O	O
give	O	O
a	O	O
starting	O	O
date	O	O
for	O	O
the	O	O
language	O	O
requirement	O	O
.	O	O
Indonesia	COU	LOCATION
is	O	O
to	O	O
open	O	O
its	O	O
doors	O	O
to	O	O
job	O	O
seekers	O	O
from	O	O
other	O	O
members	O	O
of	O	O
the	O	O
Association	ORG	ORGANIZATION
of	ORG	ORGANIZATION
Southeast	ORG	ORGANIZATION
Asian	ORG	ORGANIZATION
Nations	ORG	ORGANIZATION
next	O	O
year	O	O
under	O	O
a	O	O
regional	O	O
free	O	O
trade	O	O
agreement	O	O
.	O	O

British	O	O
military	O	O
officials	O	O
in	O	O
Iraq	COU	LOCATION
say	O	O
three	O	O
British	O	O
soldiers	O	O
have	O	O
been	O	O
killed	O	O
in	O	O
a	O	O
suspected	O	O
roadside	O	O
bombing	O	O
in	O	O
the	O	O
southern	O	O
part	O	O
of	O	O
the	O	O
country	O	O
.	O	O
The	O	O
British	O	O
command	O	O
says	O	O
the	O	O
attack	O	O
occurred	O	O
early	O	O
Saturday	O	O
in	O	O
the	O	O
city	O	O
of	O	O
Amarah	CIT	PERSON
,	O	O
north	O	O
of	O	O
Basra	CIT	LOCATION
.	O	O
The	O	O
combat	O	O
deaths	O	O
were	O	O
the	O	O
first	O	O
for	O	O
British	O	O
forces	O	O
in	O	O
Iraq	COU	LOCATION
in	O	O
months	O	O
.	O	O
British	O	O
forces	O	O
,	O	O
based	O	O
in	O	O
the	O	O
mainly	O	O
Shi'ite	O	O
south	O	O
,	O	O
have	O	O
suffered	O	O
far	O	O
fewer	O	O
losses	O	O
than	O	O
the	O	O
much	O	O
larger	O	O
U.S.	O	LOCATION
force	O	O
fighting	O	O
Sunni	O	O
Arab	O	O
insurgents	O	O
and	O	O
foreign	O	O
fighters	O	O
in	O	O
the	O	O
rest	O	O
of	O	O
Iraq	COU	LOCATION
.	O	O

New	CIT	LOCATION
York	CIT	LOCATION
City	CIT	LOCATION
's	O	O
largest	O	O
film	O	O
event	O	O
,	O	O
the	O	O
Tribeca	ENT	O
Film	ENT	O
Festival	ENT	O
,	O	O
is	O	O
screening	O	O
120	O	O
films	O	O
this	O	O
year	O	O
in	O	O
theaters	O	O
around	O	O
downtown	O	O
Manhattan	CIT	LOCATION
.	O	O
The	O	O
12-day	O	O
festival	O	O
[	O	O
which	O	O
ran	O	O
through	O	O
May	O	O
4	O	O
]	O	O
was	O	O
created	O	O
to	O	O
revive	O	O
the	O	O
economy	O	O
in	O	O
lower	O	O
Manhattan	CIT	LOCATION
after	O	O
the	O	O
September	O	O
11th	O	O
,	O	O
2001	O	O
terrorist	O	O
attacks	O	O
on	O	O
the	O	O
United	COU	LOCATION
States	COU	LOCATION
,	O	O
and	O	O
to	O	O
provide	O	O
a	O	O
showcase	O	O
for	O	O
films	O	O
from	O	O
abroad	O	O
that	O	O
might	O	O
otherwise	O	O
go	O	O
unseen	O	O
in	O	O
the	O	O
U.S.	COU	LOCATION
VOA	ORG	ORGANIZATION
's	O	O
Carolyn	PER	PERSON

Weaver	PER	PERSON

reports	O	O
.	O	O

Deep	O	O
into	O	O
the	O	O
mountain	O	O
state	O	O
of	O	O
West	COU	LOCATION
Virginia	COU	LOCATION
,	O	O
a	O	O
group	O	O
of	O	O
volunteers	O	O
is	O	O
determined	O	O
to	O	O
restore	O	O
nature	O	O
the	O	O
way	O	O
it	O	O
was	O	O
a	O	O
century	O	O
ago	O	O
,	O	O
before	O	O
mining	O	O
,	O	O
logging	O	O
and	O	O
fires	O	O
changed	O	O
the	O	O
landscape	O	O
.	O	O
To	O	O
do	O	O
so	O	O
,	O	O
thousands	O	O
of	O	O
native	O	O
trees	O	O
are	O	O
being	O	O
planted	O	O
.	O	O
Producer	O	O
Zulima	PER	PERSON

Palacio	PER	PERSON

prepared	O	O
the	O	O
story	O	O
.	O	O

Clashes	O	O
in	O	O
southern	O	O
Afghanistan	COU	LOCATION
have	O	O
killed	O	O
at	O	O
least	O	O
30	O	O
Taliban	ORG	ORGANIZATION
fighters	O	O
,	O	O
including	O	O
one	O	O
Taliban	ORG	ORGANIZATION
commander	O	O
.	O	O
The	O	O
Afghan	ORG	ORGANIZATION
Defense	ORG	ORGANIZATION
Ministry	ORG	ORGANIZATION
says	O	O
the	O	O
operation	O	O
took	O	O
place	O	O
Wednesday	O	O
in	O	O
southern	O	O
Helmand	COU	LOCATION
province	COU	LOCATION
,	O	O
a	O	O
region	O	O
where	O	O
Taliban	ORG	ORGANIZATION
militants	O	O
are	O	O
highly	O	O
active	O	O
.	O	O
Afghan	O	O
officials	O	O
say	O	O
a	O	O
coalition	O	O
of	O	O
Afghan	O	O
and	O	O
foreign	O	O
special	O	O
forces	O	O
mounted	O	O
coordinated	O	O
attacks	O	O
on	O	O
insurgent	O	O
cells	O	O
in	O	O
the	O	O
Musa	COU	LOCATION
Qala	COU	LOCATION
region	O	O
.	O	O
Authorities	O	O
say	O	O
coalition	O	O
aircraft	O	O
bombed	O	O
militant	O	O
cells	O	O
during	O	O
a	O	O
five-hour	O	O
battle	O	O
.	O	O
No	O	O
coalition	O	O
casualties	O	O
were	O	O
reported	O	O
.	O	O
Separately	O	O
,	O	O
a	O	O
roadside	O	O
bomb	O	O
in	O	O
Helmand	COU	LOCATION
hit	O	O
a	O	O
British	O	O
patrol	O	O
,	O	O
killing	O	O
one	O	O
soldier	O	O
and	O	O
wounding	O	O
four	O	O
others	O	O
.	O	O

The	O	O
president	O	O
of	O	O
the	O	O
Organization	ORG	ORGANIZATION
of	ORG	ORGANIZATION
Petroleum	ORG	ORGANIZATION
Exporting	ORG	ORGANIZATION
Countries	ORG	ORGANIZATION
says	O	O
the	O	O
oil	O	O
cartel	O	O
should	O	O
keep	O	O
producing	O	O
the	O	O
current	O	O
amount	O	O
of	O	O
oil	O	O
and	O	O
consider	O	O
raising	O	O
its	O	O
quotas	O	O
.	O	O
The	O	O
comments	O	O
came	O	O
Monday	O	O
from	O	O
OPEC	ORG	ORGANIZATION
President	O	O
Sheikh	O	PERSON
Ahmad	PER	PERSON
al-Fahd	PER	PERSON
al-Sabah	PER	PERSON
,	O	O
who	O	O
is	O	O
also	O	O
Kuwait	COU	LOCATION
's	O	O
oil	O	O
minister	O	O
.	O	O
OPEC	ORG	ORGANIZATION
officials	O	O
are	O	O
scheduled	O	O
to	O	O
gather	O	O
in	O	O
Iran	COU	LOCATION
on	O	O
March	O	O
16	O	O
to	O	O
discuss	O	O
oil	O	O
supplies	O	O
and	O	O
prices	O	O
.	O	O
World	O	O
oil	O	O
prices	O	O
pushed	O	O
above	O	O
$	O	O
52	O	O
a	O	O
barrel	O	O
Monday	O	O
as	O	O
forecasters	O	O
said	O	O
a	O	O
winter	O	O
storm	O	O
would	O	O
dump	O	O
significant	O	O
snow	O	O
on	O	O
the	O	O
northeastern	O	O
part	O	O
of	O	O
the	O	O
United	COU	LOCATION
States	COU	LOCATION
,	O	O
pushing	O	O
up	O	O
demand	O	O
for	O	O
heating	O	O
oil	O	O
.	O	O

The	O	O
Palestinian	O	O
parliament	O	O
has	O	O
passed	O	O
a	O	O
new	O	O
electoral	O	O
law	O	O
,	O	O
removing	O	O
an	O	O
obstacle	O	O
that	O	O
had	O	O
delayed	O	O
elections	O	O
for	O	O
a	O	O
new	O	O
legislature	O	O
.	O	O
The	O	O
new	O	O
law	O	O
creates	O	O
a	O	O
mixed	O	O
electoral	O	O
system	O	O
,	O	O
with	O	O
half	O	O
the	O	O
lawmakers	O	O
to	O	O
be	O	O
chosen	O	O
by	O	O
districts	O	O
and	O	O
the	O	O
other	O	O
half	O	O
to	O	O
be	O	O
chosen	O	O
from	O	O
a	O	O
national	O	O
slate	O	O
of	O	O
party	O	O
candidates	O	O
.	O	O
Differences	O	O
over	O	O
the	O	O
voting	O	O
system	O	O
led	O	O
to	O	O
the	O	O
postponement	O	O
earlier	O	O
this	O	O
month	O	O
of	O	O
elections	O	O
that	O	O
had	O	O
been	O	O
scheduled	O	O
for	O	O
mid-July	O	O
.	O	O
There	O	O
is	O	O
no	O	O
word	O	O
yet	O	O
on	O	O
a	O	O
date	O	O
for	O	O
re-scheduled	O	O
elections	O	O
.	O	O

Parisians	O	O
have	O	O
joined	O	O
hands	O	O
and	O	O
formed	O	O
a	O	O
"	O	O
human	O	O
chain	O	O
"	O	O
around	O	O
central	O	O
Paris	CIT	LOCATION
to	O	O
mark	O	O
the	O	O
sixth	O	O
anniversary	O	O
of	O	O
the	O	O
abduction	O	O
of	O	O
the	O	O
French-Colombian	O	O
politician	O	O
Ingrid	PER	PERSON
Betancourt	PER	PERSON
.	O	O
The	O	O
Colombian	O	O
rebel	O	O
group	O	O
FARC	ORG	ORGANIZATION
kidnapped	O	O
Betancourt	PER	PERSON
on	O	O
February	O	O
23rd	O	O
,	O	O
2002	O	O
as	O	O
she	O	O
campaigned	O	O
for	O	O
the	O	O
Colombian	O	O
presidency	O	O
.	O	O
French	O	O
president	O	O
Nicolas	PER	PERSON
Sarkozy	PER	PERSON
has	O	O
taken	O	O
an	O	O
interest	O	O
in	O	O
Betancourt	PER	PERSON
's	O	O
case	O	O
and	O	O
made	O	O
securing	O	O
her	O	O
release	O	O
a	O	O
priority	O	O
.	O	O
Betancourt	PER	PERSON
's	O	O
daughter	O	O
made	O	O
up	O	O
part	O	O
of	O	O
Saturday	O	O
'shuman	O	O
chain	O	O
,	O	O
along	O	O
with	O	O
the	O	O
recently	O	O
liberated	O	O
hostage	O	O
Consuelo	PER	PERSON

Gonzales	PER	PERSON

.	O	O

Longwood	NAT	LOCATION
Gardens	NAT	LOCATION
in	O	O
the	O	O
eastern	O	O
state	O	O
of	O	O
Pennsylvania	COU	LOCATION
has	O	O
been	O	O
described	O	O
by	O	O
many	O	O
visitors	O	O
as	O	O
a	O	O
horticultural	O	O
paradise	O	O
and	O	O
attracts	O	O
hundreds	O	O
of	O	O
thousands	O	O
of	O	O
nature	O	O
lovers	O	O
each	O	O
year	O	O
.	O	O
Over	O	O
the	O	O
lush	O	O
424	O	O
hectares	O	O
there	O	O
are	O	O
more	O	O
than	O	O
40	O	O
different	O	O
gardens	O	O
and	O	O
displays	O	O
.	O	O
VOA	ORG	ORGANIZATION
's	O	O
Amitis	PER	O

Darabnia	PER	PERSON

takes	O	O
us	O	O
inside	O	O
the	O	O
garden	O	O
's	O	O
conservatory	O	O
,	O	O
a	O	O
large	O	O
indoor	O	O
facility	O	O
that	O	O
is	O	O
home	O	O
to	O	O
5,500	O	O
types	O	O
of	O	O
plants	O	O
.	O	O
Natalie	PER	PERSON

Breen	PER	PERSON

narrates	O	O
.	O	O

The	O	O
islands	O	O
have	O	O
no	O	O
indigenous	O	O
economic	O	O
activity	O	O
,	O	O
but	O	O
the	O	O
Australian	O	O
Government	O	O
allows	O	O
limited	O	O
fishing	O	O
in	O	O
the	O	O
surrounding	O	O
waters	O	O
.	O	O

Iraqi	O	O
police	O	O
say	O	O
gunmen	O	O
killed	O	O
four	O	O
people	O	O
in	O	O
a	O	O
raid	O	O
on	O	O
jewelry	O	O
shops	O	O
in	O	O
the	O	O
central	O	O
city	O	O
of	O	O
Fallujah	CIT	LOCATION
,	O	O
Saturday	O	O
.	O	O
The	O	O
French	O	O
news	O	O
agency	O	O
,	O	O
AFP	ENT	ORGANIZATION
,	O	O
says	O	O
the	O	O
robbers	O	O
escaped	O	O
with	O	O
thousands	O	O
of	O	O
dollars	O	O
in	O	O
precious	O	O
metals	O	O
.	O	O
Brazen	O	O
daytime	O	O
robberies	O	O
are	O	O
regularly	O	O
reported	O	O
in	O	O
Iraq	COU	LOCATION
,	O	O
where	O	O
security	O	O
conditions	O	O
remain	O	O
unstable	O	O
.	O	O
Meanwhile	O	O
,	O	O
police	O	O
say	O	O
a	O	O
roadside	O	O
bomb	O	O
killed	O	O
one	O	O
police	O	O
officer	O	O
and	O	O
wounded	O	O
five	O	O
others	O	O
in	O	O
the	O	O
northern	O	O
city	O	O
of	O	O
Mosul	CIT	LOCATION
,	O	O
Saturday	O	O
.	O	O
Investigators	O	O
say	O	O
the	O	O
bomb	O	O
exploded	O	O
near	O	O
a	O	O
police	O	O
patrol	O	O
.	O	O

Oil	O	O
prices	O	O
fell	O	O
sharply	O	O
Monday	O	O
as	O	O
the	O	O
U.S.	ORG	ORGANIZATION
House	ORG	ORGANIZATION
of	ORG	ORGANIZATION
Representatives	ORG	ORGANIZATION
voted	O	O
against	O	O
a	O	O
$	O	O
700-billion	O	O
government	O	O
plan	O	O
to	O	O
rescue	O	O
troubled	O	O
U.S.	COU	LOCATION
financial	O	O
institutions	O	O
.	O	O
The	O	O
price	O	O
of	O	O
a	O	O
barrel	O	O
of	O	O
oil	O	O
for	O	O
future	O	O
delivery	O	O
dropped	O	O
more	O	O
than	O	O
$	O	O
10	O	O
to	O	O
hit	O	O
$	O	O
96.26	O	O
a	O	O
barrel	O	O
at	O	O
the	O	O
close	O	O
of	O	O
New	CIT	LOCATION
York	CIT	LOCATION
trading	O	O
Monday	O	O
.	O	O
Traders	O	O
worried	O	O
that	O	O
rejection	O	O
of	O	O
the	O	O
controversial	O	O
plan	O	O
could	O	O
hurt	O	O
U.S.	COU	LOCATION
economic	O	O
growth	O	O
,	O	O
and	O	O
cut	O	O
demand	O	O
for	O	O
energy	O	O
.	O	O

China	COU	LOCATION
will	O	O
soon	O	O
allow	O	O
foreign	O	O
airline	O	O
flights	O	O
freer	O	O
access	O	O
to	O	O
the	O	O
western	O	O
part	O	O
of	O	O
the	O	O
country	O	O
to	O	O
help	O	O
boost	O	O
development	O	O
.	O	O
The	O	O
vice	O	O
director	O	O
of	O	O
China	ORG	LOCATION
's	ORG	O
civil	ORG	O
aviation	ORG	O
administration	ORG	O
,	O	O
Yang	PER	PERSON

Guoqing	PER	PERSON

,	O	O
says	O	O
Beijing	CIT	LOCATION
will	O	O
end	O	O
limits	O	O
on	O	O
overseas	O	O
air	O	O
carriers	O	O
who	O	O
apply	O	O
to	O	O
operate	O	O
international	O	O
flights	O	O
in	O	O
western	O	O
areas	O	O
.	O	O
The	O	O
state-run	O	O
China	ENT	ORGANIZATION
Daily	ENT	ORGANIZATION
newspaper	O	O
says	O	O
passenger	O	O
traffic	O	O
in	O	O
western	O	O
China	COU	LOCATION
increased	O	O
35	O	O
percent	O	O
last	O	O
year	O	O
over	O	O
the	O	O
year	O	O
before	O	O
.	O	O
China	COU	LOCATION
's	O	O
current	O	O
economic	O	O
boom	O	O
has	O	O
largely	O	O
gone	O	O
unnoticed	O	O
in	O	O
the	O	O
country	O	O
's	O	O
thinly	O	O
populated	O	O
,	O	O
landlocked	O	O
western	O	O
region	O	O
.	O	O

Doctors	O	O
and	O	O
other	O	O
trained	O	O
professionals	O	O
can	O	O
face	O	O
steep	O	O
challenges	O	O
when	O	O
they	O	O
move	O	O
to	O	O
the	O	O
United	COU	LOCATION
States	COU	LOCATION
and	O	O
pursue	O	O
their	O	O
careers	O	O
.	O	O
License	O	O
requirements	O	O
and	O	O
added	O	O
education	O	O
can	O	O
make	O	O
it	O	O
a	O	O
difficult	O	O
transition	O	O
.	O	O
VOA	ENT	ORGANIZATION
's	O	O
Brian	PER	PERSON

Wagner	PER	PERSON

reports	O	O
on	O	O
a	O	O
program	O	O
in	O	O
Florida	COU	LOCATION
that	O	O
helps	O	O
immigrant	O	O
physicians	O	O
find	O	O
new	O	O
careers	O	O
in	O	O
U.S.	COU	LOCATION
hospitals	O	O
.	O	O

